<?xml version="1.0" encoding="UTF-8"?>
<!-- Generated by org.testng.reporters.JUnitReportReporter -->
<testsuite hostname="DESKTOP-G6RGBB2" failures="0" tests="1" name="com.intelBanking.TestCases.TC_AddCustomer_003" time="28.439" errors="0" timestamp="2024-07-29T12:52:48 IST" skipped="0">
  <testcase classname="com.intelBanking.TestCases.TC_AddCustomer_003" name="AddNewCoustomer" time="28.439"/>
</testsuite> <!-- com.intelBanking.TestCases.TC_AddCustomer_003 -->
