<?xml version="1.0" encoding="UTF-8"?>
<!-- Generated by org.testng.reporters.JUnitReportReporter -->
<testsuite hostname="DESKTOP-G6RGBB2" failures="0" tests="1" name="com.intelBanking.TestCases.TC_LoginTest001" time="4.383" errors="0" timestamp="2024-07-26T23:03:09 IST" skipped="0">
  <testcase classname="com.intelBanking.TestCases.TC_LoginTest001" name="loginTest" time="4.383"/>
</testsuite> <!-- com.intelBanking.TestCases.TC_LoginTest001 -->
